E:\DOYEON\DOCUMENT\5. PROGRAM\COMPTON_RAY\3. 3D_RECONSTRUCTION\VISUALSTUDIO\3DRECONSTRUCTION\3DRECONSTRUCTION_COMPTON\DEBUG\3DRECONSTRUCTION_COMPTON.EXE
E:\DOYEON\DOCUMENT\5. PROGRAM\COMPTON_RAY\3. 3D_RECONSTRUCTION\VISUALSTUDIO\3DRECONSTRUCTION\3DRECONSTRUCTION_COMPTON\DEBUG\3DRECONSTRUCTION_COMPTON.EXE.INTERMEDIATE.MANIFEST
E:\DOYEON\DOCUMENT\5. PROGRAM\COMPTON_RAY\3. 3D_RECONSTRUCTION\VISUALSTUDIO\3DRECONSTRUCTION\3DRECONSTRUCTION_COMPTON\DEBUG\3DRECONSTRUCTION_COMPTON.ILK
E:\DOYEON\DOCUMENT\5. PROGRAM\COMPTON_RAY\3. 3D_RECONSTRUCTION\VISUALSTUDIO\3DRECONSTRUCTION\3DRECONSTRUCTION_COMPTON\DEBUG\3DRECONSTRUCTION_COMPTON.PDB
E:\DoYeon\Document\5. Program\Compton_ray\3. 3d_reconstruction\VisualStudio\3Dreconstruction\3dreconstruction_compton\Debug\3dreconstruction_compton.vcxprojResolveAssemblyReference.cache
E:\DoYeon\Document\5. Program\Compton_ray\3. 3d_reconstruction\VisualStudio\3Dreconstruction\3dreconstruction_compton\Debug\3dreconstruction_compton.write.1.tlog
E:\DoYeon\Document\5. Program\Compton_ray\3. 3d_reconstruction\VisualStudio\3Dreconstruction\3dreconstruction_compton\Debug\cl.command.1.tlog
E:\DoYeon\Document\5. Program\Compton_ray\3. 3d_reconstruction\VisualStudio\3Dreconstruction\3dreconstruction_compton\Debug\CL.read.1.tlog
E:\DoYeon\Document\5. Program\Compton_ray\3. 3d_reconstruction\VisualStudio\3Dreconstruction\3dreconstruction_compton\Debug\CL.write.1.tlog
E:\DoYeon\Document\5. Program\Compton_ray\3. 3d_reconstruction\VisualStudio\3Dreconstruction\3dreconstruction_compton\Debug\link.command.1.tlog
E:\DoYeon\Document\5. Program\Compton_ray\3. 3d_reconstruction\VisualStudio\3Dreconstruction\3dreconstruction_compton\Debug\link.read.1.tlog
E:\DoYeon\Document\5. Program\Compton_ray\3. 3d_reconstruction\VisualStudio\3Dreconstruction\3dreconstruction_compton\Debug\link.write.1.tlog
E:\DOYEON\DOCUMENT\5. PROGRAM\COMPTON_RAY\3. 3D_RECONSTRUCTION\VISUALSTUDIO\3DRECONSTRUCTION\3DRECONSTRUCTION_COMPTON\DEBUG\MAIN.OBJ
E:\DoYeon\Document\5. Program\Compton_ray\3. 3d_reconstruction\VisualStudio\3Dreconstruction\3dreconstruction_compton\Debug\mt.command.1.tlog
E:\DoYeon\Document\5. Program\Compton_ray\3. 3d_reconstruction\VisualStudio\3Dreconstruction\3dreconstruction_compton\Debug\mt.read.1.tlog
E:\DoYeon\Document\5. Program\Compton_ray\3. 3d_reconstruction\VisualStudio\3Dreconstruction\3dreconstruction_compton\Debug\mt.write.1.tlog
E:\DoYeon\Document\5. Program\Compton_ray\3. 3d_reconstruction\VisualStudio\3Dreconstruction\3dreconstruction_compton\Debug\vc100.idb
E:\DOYEON\DOCUMENT\5. PROGRAM\COMPTON_RAY\3. 3D_RECONSTRUCTION\VISUALSTUDIO\3DRECONSTRUCTION\3DRECONSTRUCTION_COMPTON\DEBUG\VC100.PDB
E:\DOYEON\DOCUMENT\5. PROGRAM\COMPTON_RAY\3. 3D_RECONSTRUCTION\VISUALSTUDIO\3DRECONSTRUCTION_COMPTON\DEBUG\3DRECONSTRUCTION_COMPTON.EXE
E:\DOYEON\DOCUMENT\5. PROGRAM\COMPTON_RAY\3. 3D_RECONSTRUCTION\VISUALSTUDIO\3DRECONSTRUCTION_COMPTON\DEBUG\3DRECONSTRUCTION_COMPTON.EXE.INTERMEDIATE.MANIFEST
E:\DOYEON\DOCUMENT\5. PROGRAM\COMPTON_RAY\3. 3D_RECONSTRUCTION\VISUALSTUDIO\3DRECONSTRUCTION_COMPTON\DEBUG\3DRECONSTRUCTION_COMPTON.ILK
E:\DOYEON\DOCUMENT\5. PROGRAM\COMPTON_RAY\3. 3D_RECONSTRUCTION\VISUALSTUDIO\3DRECONSTRUCTION_COMPTON\DEBUG\3DRECONSTRUCTION_COMPTON.PDB
E:\DOYEON\DOCUMENT\5. PROGRAM\COMPTON_RAY\3. 3D_RECONSTRUCTION\VISUALSTUDIO\3DRECONSTRUCTION_COMPTON\DEBUG\MAIN.OBJ
E:\DOYEON\DOCUMENT\5. PROGRAM\COMPTON_RAY\3. 3D_RECONSTRUCTION\VISUALSTUDIO\3DRECONSTRUCTION_COMPTON\DEBUG\VC100.PDB
